20:48:54  [INFO ] : 测试通过！
20:48:54  [INFO ] : 测试通过！
20:48:54  [INFO ] : 测试通过！
20:48:54  [INFO ] : 测试通过！
21:02:52  [WARN ] : Unable to instantiate deployer org.apache.axis2.deployment.ServiceDeployer; see debug logs for more details
21:02:52  [INFO ] : 基于wsdl文档地址建立连接
21:02:52  [INFO ] : 测试通过！
21:02:52  [INFO ] : 测试通过！
21:02:52  [INFO ] : 测试通过！
21:02:52  [INFO ] : 测试通过！
20:30:06  [INFO ] : 执行cmd命令:F:\\android\\Nox\\Nox\\bin\\Nox.exe
20:31:06  [INFO ] : 执行cmd命令:adb connect 127.0.0.1:52001
20:31:06  [INFO ] : 启动appiumserver服务
20:31:06  [INFO ] : 执行cmd命令:appium -a 127.0.0.1 -p 4723 --log logs/20181119+20-31-06AppiumLog.txt --local-timezone
20:31:36  [INFO ] : 启动待测App
20:32:09  [ERROR] : APP启动失败，请检查配置！
20:32:09  [ERROR] : org.openqa.selenium.WebDriverException: It is impossible to create a new session because 'createSession' which takes HttpClient, InputStream and long was not found or it is not accessible
Build info: version: '3.14.0', revision: 'aacccce0', time: '2018-08-02T20:13:22.693Z'
System info: host: 'PC-PC', ip: '192.168.2.229', os.name: 'Windows 7', os.arch: 'amd64', os.version: '6.1', java.version: '1.8.0_121'
Driver info: driver.version: AppDriver
org.openqa.selenium.WebDriverException: It is impossible to create a new session because 'createSession' which takes HttpClient, InputStream and long was not found or it is not accessible
Build info: version: '3.14.0', revision: 'aacccce0', time: '2018-08-02T20:13:22.693Z'
System info: host: 'PC-PC', ip: '192.168.2.229', os.name: 'Windows 7', os.arch: 'amd64', os.version: '6.1', java.version: '1.8.0_121'
Driver info: driver.version: AppDriver
	at com.testing.appkw.AppDriver.<init>(AppDriver.java:40) [bin/:?]
	at com.testing.appkw.DataDrivenOfApp.runAPP(DataDrivenOfApp.java:94) [bin/:?]
	at sun.reflect.NativeMethodAccessorImpl.invoke0(Native Method) ~[?:1.8.0_121]
	at sun.reflect.NativeMethodAccessorImpl.invoke(NativeMethodAccessorImpl.java:62) ~[?:1.8.0_121]
	at sun.reflect.DelegatingMethodAccessorImpl.invoke(DelegatingMethodAccessorImpl.java:43) ~[?:1.8.0_121]
	at java.lang.reflect.Method.invoke(Method.java:498) ~[?:1.8.0_121]
	at com.testing.integration.IntegrationDataDriven.invokeAppKey(IntegrationDataDriven.java:298) [bin/:?]
	at com.testing.integration.IntegrationDataDriven.GetCase(IntegrationDataDriven.java:118) [bin/:?]
	at com.testing.integration.IntegrationDataDriven.main(IntegrationDataDriven.java:66) [bin/:?]
Caused by: java.lang.reflect.InvocationTargetException
	at sun.reflect.NativeMethodAccessorImpl.invoke0(Native Method) ~[?:1.8.0_121]
	at sun.reflect.NativeMethodAccessorImpl.invoke(NativeMethodAccessorImpl.java:62) ~[?:1.8.0_121]
	at sun.reflect.DelegatingMethodAccessorImpl.invoke(DelegatingMethodAccessorImpl.java:43) ~[?:1.8.0_121]
	at java.lang.reflect.Method.invoke(Method.java:498) ~[?:1.8.0_121]
	at io.appium.java_client.remote.AppiumCommandExecutor$1.createSession(AppiumCommandExecutor.java:185) ~[java-client-6.1.0.jar:?]
	at io.appium.java_client.remote.AppiumCommandExecutor.createSession(AppiumCommandExecutor.java:209) ~[java-client-6.1.0.jar:?]
	at io.appium.java_client.remote.AppiumCommandExecutor.execute(AppiumCommandExecutor.java:231) ~[java-client-6.1.0.jar:?]
	at org.openqa.selenium.remote.RemoteWebDriver.execute(RemoteWebDriver.java:548) ~[selenium-server-standalone-3.14.0.jar:9.4.8.v20180619]
	at io.appium.java_client.DefaultGenericMobileDriver.execute(DefaultGenericMobileDriver.java:42) ~[java-client-6.1.0.jar:?]
	at io.appium.java_client.AppiumDriver.execute(AppiumDriver.java:1) ~[java-client-6.1.0.jar:?]
	at io.appium.java_client.android.AndroidDriver.execute(AndroidDriver.java:1) ~[java-client-6.1.0.jar:?]
	at org.openqa.selenium.remote.RemoteWebDriver.startSession(RemoteWebDriver.java:212) ~[selenium-server-standalone-3.14.0.jar:9.4.8.v20180619]
	at org.openqa.selenium.remote.RemoteWebDriver.<init>(RemoteWebDriver.java:130) ~[selenium-server-standalone-3.14.0.jar:9.4.8.v20180619]
	at io.appium.java_client.DefaultGenericMobileDriver.<init>(DefaultGenericMobileDriver.java:38) ~[java-client-6.1.0.jar:?]
	at io.appium.java_client.AppiumDriver.<init>(AppiumDriver.java:84) ~[java-client-6.1.0.jar:?]
	at io.appium.java_client.AppiumDriver.<init>(AppiumDriver.java:94) ~[java-client-6.1.0.jar:?]
	at io.appium.java_client.android.AndroidDriver.<init>(AndroidDriver.java:93) ~[java-client-6.1.0.jar:?]
	at com.testing.appkw.AppDriver.<init>(AppDriver.java:33) ~[bin/:?]
	... 8 more
Caused by: org.openqa.selenium.WebDriverException: An unknown server-side error occurred while processing the command. Original error: Could not find a connected Android device.
Build info: version: '3.14.0', revision: 'aacccce0', time: '2018-08-02T20:13:22.693Z'
System info: host: 'PC-PC', ip: '192.168.2.229', os.name: 'Windows 7', os.arch: 'amd64', os.version: '6.1', java.version: '1.8.0_121'
Driver info: driver.version: AppDriver
remote stacktrace: UnknownError: An unknown server-side error occurred while processing the command. Original error: Could not find a connected Android device.
    at getResponseForW3CError (C:\Program Files (x86)\Appium\resources\app\node_modules\appium\node_modules\appium-base-driver\lib\protocol\errors.js:826:9)
    at asyncHandler$ (C:\Program Files (x86)\Appium\resources\app\node_modules\appium\node_modules\appium-base-driver\lib\protocol\protocol.js:404:37)
    at tryCatch (C:\Program Files (x86)\Appium\resources\app\node_modules\appium\node_modules\babel-runtime\regenerator\runtime.js:67:40)
    at GeneratorFunctionPrototype.invoke [as _invoke] (C:\Program Files (x86)\Appium\resources\app\node_modules\appium\node_modules\babel-runtime\regenerator\runtime.js:315:22)
    at GeneratorFunctionPrototype.prototype.(anonymous function) [as next] (C:\Program Files (x86)\Appium\resources\app\node_modules\appium\node_modules\babel-runtime\regenerator\runtime.js:100:21)
    at GeneratorFunctionPrototype.invoke (C:\Program Files (x86)\Appium\resources\app\node_modules\appium\node_modules\babel-runtime\regenerator\runtime.js:136:37)
    at <anonymous>
	at sun.reflect.NativeConstructorAccessorImpl.newInstance0(Native Method) ~[?:1.8.0_121]
	at sun.reflect.NativeConstructorAccessorImpl.newInstance(NativeConstructorAccessorImpl.java:62) ~[?:1.8.0_121]
	at sun.reflect.DelegatingConstructorAccessorImpl.newInstance(DelegatingConstructorAccessorImpl.java:45) ~[?:1.8.0_121]
	at java.lang.reflect.Constructor.newInstance(Constructor.java:423) ~[?:1.8.0_121]
	at org.openqa.selenium.remote.W3CHandshakeResponse.lambda$new$0(W3CHandshakeResponse.java:57) ~[selenium-server-standalone-3.14.0.jar:9.4.8.v20180619]
	at org.openqa.selenium.remote.W3CHandshakeResponse.lambda$getResponseFunction$2(W3CHandshakeResponse.java:104) ~[selenium-server-standalone-3.14.0.jar:9.4.8.v20180619]
	at org.openqa.selenium.remote.ProtocolHandshake.lambda$createSession$0(ProtocolHandshake.java:122) ~[selenium-server-standalone-3.14.0.jar:9.4.8.v20180619]
	at java.util.stream.ReferencePipeline$3$1.accept(ReferencePipeline.java:193) ~[?:1.8.0_121]
	at java.util.Spliterators$ArraySpliterator.tryAdvance(Spliterators.java:958) ~[?:1.8.0_121]
	at java.util.stream.ReferencePipeline.forEachWithCancel(ReferencePipeline.java:126) ~[?:1.8.0_121]
	at java.util.stream.AbstractPipeline.copyIntoWithCancel(AbstractPipeline.java:498) ~[?:1.8.0_121]
	at java.util.stream.AbstractPipeline.copyInto(AbstractPipeline.java:485) ~[?:1.8.0_121]
	at java.util.stream.AbstractPipeline.wrapAndCopyInto(AbstractPipeline.java:471) ~[?:1.8.0_121]
	at java.util.stream.FindOps$FindOp.evaluateSequential(FindOps.java:152) ~[?:1.8.0_121]
	at java.util.stream.AbstractPipeline.evaluate(AbstractPipeline.java:234) ~[?:1.8.0_121]
	at java.util.stream.ReferencePipeline.findFirst(ReferencePipeline.java:464) ~[?:1.8.0_121]
	at org.openqa.selenium.remote.ProtocolHandshake.createSession(ProtocolHandshake.java:125) ~[selenium-server-standalone-3.14.0.jar:9.4.8.v20180619]
	at sun.reflect.NativeMethodAccessorImpl.invoke0(Native Method) ~[?:1.8.0_121]
	at sun.reflect.NativeMethodAccessorImpl.invoke(NativeMethodAccessorImpl.java:62) ~[?:1.8.0_121]
	at sun.reflect.DelegatingMethodAccessorImpl.invoke(DelegatingMethodAccessorImpl.java:43) ~[?:1.8.0_121]
	at java.lang.reflect.Method.invoke(Method.java:498) ~[?:1.8.0_121]
	at io.appium.java_client.remote.AppiumCommandExecutor$1.createSession(AppiumCommandExecutor.java:185) ~[java-client-6.1.0.jar:?]
	at io.appium.java_client.remote.AppiumCommandExecutor.createSession(AppiumCommandExecutor.java:209) ~[java-client-6.1.0.jar:?]
	at io.appium.java_client.remote.AppiumCommandExecutor.execute(AppiumCommandExecutor.java:231) ~[java-client-6.1.0.jar:?]
	at org.openqa.selenium.remote.RemoteWebDriver.execute(RemoteWebDriver.java:548) ~[selenium-server-standalone-3.14.0.jar:9.4.8.v20180619]
	at io.appium.java_client.DefaultGenericMobileDriver.execute(DefaultGenericMobileDriver.java:42) ~[java-client-6.1.0.jar:?]
	at io.appium.java_client.AppiumDriver.execute(AppiumDriver.java:1) ~[java-client-6.1.0.jar:?]
	at io.appium.java_client.android.AndroidDriver.execute(AndroidDriver.java:1) ~[java-client-6.1.0.jar:?]
	at org.openqa.selenium.remote.RemoteWebDriver.startSession(RemoteWebDriver.java:212) ~[selenium-server-standalone-3.14.0.jar:9.4.8.v20180619]
	at org.openqa.selenium.remote.RemoteWebDriver.<init>(RemoteWebDriver.java:130) ~[selenium-server-standalone-3.14.0.jar:9.4.8.v20180619]
	at io.appium.java_client.DefaultGenericMobileDriver.<init>(DefaultGenericMobileDriver.java:38) ~[java-client-6.1.0.jar:?]
	at io.appium.java_client.AppiumDriver.<init>(AppiumDriver.java:84) ~[java-client-6.1.0.jar:?]
	at io.appium.java_client.AppiumDriver.<init>(AppiumDriver.java:94) ~[java-client-6.1.0.jar:?]
	at io.appium.java_client.android.AndroidDriver.<init>(AndroidDriver.java:93) ~[java-client-6.1.0.jar:?]
	at com.testing.appkw.AppDriver.<init>(AppDriver.java:33) ~[bin/:?]
	... 8 more
20:32:09  [INFO ] : 启动待测App成功
20:32:09  [ERROR] : java.lang.NullPointerException
java.lang.NullPointerException: null
	at com.testing.appkw.DataDrivenOfApp.explicityWait(DataDrivenOfApp.java:315) [bin/:?]
	at com.testing.appkw.DataDrivenOfApp.input(DataDrivenOfApp.java:145) [bin/:?]
	at sun.reflect.NativeMethodAccessorImpl.invoke0(Native Method) ~[?:1.8.0_121]
	at sun.reflect.NativeMethodAccessorImpl.invoke(NativeMethodAccessorImpl.java:62) ~[?:1.8.0_121]
	at sun.reflect.DelegatingMethodAccessorImpl.invoke(DelegatingMethodAccessorImpl.java:43) ~[?:1.8.0_121]
	at java.lang.reflect.Method.invoke(Method.java:498) ~[?:1.8.0_121]
	at com.testing.integration.IntegrationDataDriven.invokeAppKey(IntegrationDataDriven.java:266) [bin/:?]
	at com.testing.integration.IntegrationDataDriven.GetCase(IntegrationDataDriven.java:118) [bin/:?]
	at com.testing.integration.IntegrationDataDriven.main(IntegrationDataDriven.java:66) [bin/:?]
20:32:09  [ERROR] : 输入2798145476失败
20:32:09  [ERROR] : java.lang.NullPointerException
java.lang.NullPointerException: null
	at com.testing.appkw.DataDrivenOfApp.input(DataDrivenOfApp.java:151) [bin/:?]
	at sun.reflect.NativeMethodAccessorImpl.invoke0(Native Method) ~[?:1.8.0_121]
	at sun.reflect.NativeMethodAccessorImpl.invoke(NativeMethodAccessorImpl.java:62) ~[?:1.8.0_121]
	at sun.reflect.DelegatingMethodAccessorImpl.invoke(DelegatingMethodAccessorImpl.java:43) ~[?:1.8.0_121]
	at java.lang.reflect.Method.invoke(Method.java:498) ~[?:1.8.0_121]
	at com.testing.integration.IntegrationDataDriven.invokeAppKey(IntegrationDataDriven.java:266) [bin/:?]
	at com.testing.integration.IntegrationDataDriven.GetCase(IntegrationDataDriven.java:118) [bin/:?]
	at com.testing.integration.IntegrationDataDriven.main(IntegrationDataDriven.java:66) [bin/:?]
20:32:09  [ERROR] : java.lang.NullPointerException
java.lang.NullPointerException: null
	at com.testing.appkw.DataDrivenOfApp.explicityWait(DataDrivenOfApp.java:315) [bin/:?]
	at com.testing.appkw.DataDrivenOfApp.input(DataDrivenOfApp.java:145) [bin/:?]
	at sun.reflect.NativeMethodAccessorImpl.invoke0(Native Method) ~[?:1.8.0_121]
	at sun.reflect.NativeMethodAccessorImpl.invoke(NativeMethodAccessorImpl.java:62) ~[?:1.8.0_121]
	at sun.reflect.DelegatingMethodAccessorImpl.invoke(DelegatingMethodAccessorImpl.java:43) ~[?:1.8.0_121]
	at java.lang.reflect.Method.invoke(Method.java:498) ~[?:1.8.0_121]
	at com.testing.integration.IntegrationDataDriven.invokeAppKey(IntegrationDataDriven.java:266) [bin/:?]
	at com.testing.integration.IntegrationDataDriven.GetCase(IntegrationDataDriven.java:118) [bin/:?]
	at com.testing.integration.IntegrationDataDriven.main(IntegrationDataDriven.java:66) [bin/:?]
20:32:09  [ERROR] : 输入roy12345失败
20:32:09  [ERROR] : java.lang.NullPointerException
java.lang.NullPointerException: null
	at com.testing.appkw.DataDrivenOfApp.input(DataDrivenOfApp.java:151) [bin/:?]
	at sun.reflect.NativeMethodAccessorImpl.invoke0(Native Method) ~[?:1.8.0_121]
	at sun.reflect.NativeMethodAccessorImpl.invoke(NativeMethodAccessorImpl.java:62) ~[?:1.8.0_121]
	at sun.reflect.DelegatingMethodAccessorImpl.invoke(DelegatingMethodAccessorImpl.java:43) ~[?:1.8.0_121]
	at java.lang.reflect.Method.invoke(Method.java:498) ~[?:1.8.0_121]
	at com.testing.integration.IntegrationDataDriven.invokeAppKey(IntegrationDataDriven.java:266) [bin/:?]
	at com.testing.integration.IntegrationDataDriven.GetCase(IntegrationDataDriven.java:118) [bin/:?]
	at com.testing.integration.IntegrationDataDriven.main(IntegrationDataDriven.java:66) [bin/:?]
20:32:09  [ERROR] : java.lang.NullPointerException
java.lang.NullPointerException: null
	at com.testing.appkw.DataDrivenOfApp.explicityWait(DataDrivenOfApp.java:315) [bin/:?]
	at com.testing.appkw.DataDrivenOfApp.click(DataDrivenOfApp.java:158) [bin/:?]
	at sun.reflect.NativeMethodAccessorImpl.invoke0(Native Method) ~[?:1.8.0_121]
	at sun.reflect.NativeMethodAccessorImpl.invoke(NativeMethodAccessorImpl.java:62) ~[?:1.8.0_121]
	at sun.reflect.DelegatingMethodAccessorImpl.invoke(DelegatingMethodAccessorImpl.java:43) ~[?:1.8.0_121]
	at java.lang.reflect.Method.invoke(Method.java:498) ~[?:1.8.0_121]
	at com.testing.integration.IntegrationDataDriven.invokeAppKey(IntegrationDataDriven.java:259) [bin/:?]
	at com.testing.integration.IntegrationDataDriven.GetCase(IntegrationDataDriven.java:118) [bin/:?]
	at com.testing.integration.IntegrationDataDriven.main(IntegrationDataDriven.java:66) [bin/:?]
20:32:09  [ERROR] : java.lang.NullPointerException
java.lang.NullPointerException: null
	at com.testing.appkw.DataDrivenOfApp.click(DataDrivenOfApp.java:162) [bin/:?]
	at sun.reflect.NativeMethodAccessorImpl.invoke0(Native Method) ~[?:1.8.0_121]
	at sun.reflect.NativeMethodAccessorImpl.invoke(NativeMethodAccessorImpl.java:62) ~[?:1.8.0_121]
	at sun.reflect.DelegatingMethodAccessorImpl.invoke(DelegatingMethodAccessorImpl.java:43) ~[?:1.8.0_121]
	at java.lang.reflect.Method.invoke(Method.java:498) ~[?:1.8.0_121]
	at com.testing.integration.IntegrationDataDriven.invokeAppKey(IntegrationDataDriven.java:259) [bin/:?]
	at com.testing.integration.IntegrationDataDriven.GetCase(IntegrationDataDriven.java:118) [bin/:?]
	at com.testing.integration.IntegrationDataDriven.main(IntegrationDataDriven.java:66) [bin/:?]
20:32:12  [ERROR] : java.lang.NullPointerException
java.lang.NullPointerException: null
	at com.testing.appkw.DataDrivenOfApp.explicityWait(DataDrivenOfApp.java:315) [bin/:?]
	at com.testing.appkw.DataDrivenOfApp.assertSame(DataDrivenOfApp.java:232) [bin/:?]
	at sun.reflect.NativeMethodAccessorImpl.invoke0(Native Method) ~[?:1.8.0_121]
	at sun.reflect.NativeMethodAccessorImpl.invoke(NativeMethodAccessorImpl.java:62) ~[?:1.8.0_121]
	at sun.reflect.DelegatingMethodAccessorImpl.invoke(DelegatingMethodAccessorImpl.java:43) ~[?:1.8.0_121]
	at java.lang.reflect.Method.invoke(Method.java:498) ~[?:1.8.0_121]
	at com.testing.integration.IntegrationDataDriven.invokeAppKey(IntegrationDataDriven.java:266) [bin/:?]
	at com.testing.integration.IntegrationDataDriven.GetCase(IntegrationDataDriven.java:118) [bin/:?]
	at com.testing.integration.IntegrationDataDriven.main(IntegrationDataDriven.java:66) [bin/:?]
20:32:12  [ERROR] : 执行断言时报错
20:32:12  [ERROR] : java.lang.NullPointerException
java.lang.NullPointerException: null
	at com.testing.appkw.DataDrivenOfApp.assertSame(DataDrivenOfApp.java:244) [bin/:?]
	at sun.reflect.NativeMethodAccessorImpl.invoke0(Native Method) ~[?:1.8.0_121]
	at sun.reflect.NativeMethodAccessorImpl.invoke(NativeMethodAccessorImpl.java:62) ~[?:1.8.0_121]
	at sun.reflect.DelegatingMethodAccessorImpl.invoke(DelegatingMethodAccessorImpl.java:43) ~[?:1.8.0_121]
	at java.lang.reflect.Method.invoke(Method.java:498) ~[?:1.8.0_121]
	at com.testing.integration.IntegrationDataDriven.invokeAppKey(IntegrationDataDriven.java:266) [bin/:?]
	at com.testing.integration.IntegrationDataDriven.GetCase(IntegrationDataDriven.java:118) [bin/:?]
	at com.testing.integration.IntegrationDataDriven.main(IntegrationDataDriven.java:66) [bin/:?]
20:32:17  [INFO ] : 启动appiumserver服务
20:32:17  [INFO ] : 执行cmd命令:appium -a 127.0.0.1 -p 4723 --log logs/20181119+20-32-17AppiumLog.txt --local-timezone
20:32:37  [INFO ] : 启动待测App
20:33:05  [ERROR] : APP启动失败，请检查配置！
20:33:05  [ERROR] : org.openqa.selenium.WebDriverException: It is impossible to create a new session because 'createSession' which takes HttpClient, InputStream and long was not found or it is not accessible
Build info: version: '3.14.0', revision: 'aacccce0', time: '2018-08-02T20:13:22.693Z'
System info: host: 'PC-PC', ip: '192.168.2.229', os.name: 'Windows 7', os.arch: 'amd64', os.version: '6.1', java.version: '1.8.0_121'
Driver info: driver.version: AppDriver
org.openqa.selenium.WebDriverException: It is impossible to create a new session because 'createSession' which takes HttpClient, InputStream and long was not found or it is not accessible
Build info: version: '3.14.0', revision: 'aacccce0', time: '2018-08-02T20:13:22.693Z'
System info: host: 'PC-PC', ip: '192.168.2.229', os.name: 'Windows 7', os.arch: 'amd64', os.version: '6.1', java.version: '1.8.0_121'
Driver info: driver.version: AppDriver
	at com.testing.appkw.AppDriver.<init>(AppDriver.java:40) [bin/:?]
	at com.testing.appkw.DataDrivenOfApp.runAPP(DataDrivenOfApp.java:94) [bin/:?]
	at sun.reflect.NativeMethodAccessorImpl.invoke0(Native Method) ~[?:1.8.0_121]
	at sun.reflect.NativeMethodAccessorImpl.invoke(NativeMethodAccessorImpl.java:62) ~[?:1.8.0_121]
	at sun.reflect.DelegatingMethodAccessorImpl.invoke(DelegatingMethodAccessorImpl.java:43) ~[?:1.8.0_121]
	at java.lang.reflect.Method.invoke(Method.java:498) ~[?:1.8.0_121]
	at com.testing.integration.IntegrationDataDriven.invokeAppKey(IntegrationDataDriven.java:298) [bin/:?]
	at com.testing.integration.IntegrationDataDriven.GetCase(IntegrationDataDriven.java:118) [bin/:?]
	at com.testing.integration.IntegrationDataDriven.main(IntegrationDataDriven.java:66) [bin/:?]
Caused by: java.lang.reflect.InvocationTargetException
	at sun.reflect.NativeMethodAccessorImpl.invoke0(Native Method) ~[?:1.8.0_121]
	at sun.reflect.NativeMethodAccessorImpl.invoke(NativeMethodAccessorImpl.java:62) ~[?:1.8.0_121]
	at sun.reflect.DelegatingMethodAccessorImpl.invoke(DelegatingMethodAccessorImpl.java:43) ~[?:1.8.0_121]
	at java.lang.reflect.Method.invoke(Method.java:498) ~[?:1.8.0_121]
	at io.appium.java_client.remote.AppiumCommandExecutor$1.createSession(AppiumCommandExecutor.java:185) ~[java-client-6.1.0.jar:?]
	at io.appium.java_client.remote.AppiumCommandExecutor.createSession(AppiumCommandExecutor.java:209) ~[java-client-6.1.0.jar:?]
	at io.appium.java_client.remote.AppiumCommandExecutor.execute(AppiumCommandExecutor.java:231) ~[java-client-6.1.0.jar:?]
	at org.openqa.selenium.remote.RemoteWebDriver.execute(RemoteWebDriver.java:548) ~[selenium-server-standalone-3.14.0.jar:9.4.8.v20180619]
	at io.appium.java_client.DefaultGenericMobileDriver.execute(DefaultGenericMobileDriver.java:42) ~[java-client-6.1.0.jar:?]
	at io.appium.java_client.AppiumDriver.execute(AppiumDriver.java:1) ~[java-client-6.1.0.jar:?]
	at io.appium.java_client.android.AndroidDriver.execute(AndroidDriver.java:1) ~[java-client-6.1.0.jar:?]
	at org.openqa.selenium.remote.RemoteWebDriver.startSession(RemoteWebDriver.java:212) ~[selenium-server-standalone-3.14.0.jar:9.4.8.v20180619]
	at org.openqa.selenium.remote.RemoteWebDriver.<init>(RemoteWebDriver.java:130) ~[selenium-server-standalone-3.14.0.jar:9.4.8.v20180619]
	at io.appium.java_client.DefaultGenericMobileDriver.<init>(DefaultGenericMobileDriver.java:38) ~[java-client-6.1.0.jar:?]
	at io.appium.java_client.AppiumDriver.<init>(AppiumDriver.java:84) ~[java-client-6.1.0.jar:?]
	at io.appium.java_client.AppiumDriver.<init>(AppiumDriver.java:94) ~[java-client-6.1.0.jar:?]
	at io.appium.java_client.android.AndroidDriver.<init>(AndroidDriver.java:93) ~[java-client-6.1.0.jar:?]
	at com.testing.appkw.AppDriver.<init>(AppDriver.java:33) ~[bin/:?]
	... 8 more
Caused by: org.openqa.selenium.WebDriverException: An unknown server-side error occurred while processing the command. Original error: Could not find a connected Android device.
Build info: version: '3.14.0', revision: 'aacccce0', time: '2018-08-02T20:13:22.693Z'
System info: host: 'PC-PC', ip: '192.168.2.229', os.name: 'Windows 7', os.arch: 'amd64', os.version: '6.1', java.version: '1.8.0_121'
Driver info: driver.version: AppDriver
remote stacktrace: UnknownError: An unknown server-side error occurred while processing the command. Original error: Could not find a connected Android device.
    at getResponseForW3CError (C:\Program Files (x86)\Appium\resources\app\node_modules\appium\node_modules\appium-base-driver\lib\protocol\errors.js:826:9)
    at asyncHandler$ (C:\Program Files (x86)\Appium\resources\app\node_modules\appium\node_modules\appium-base-driver\lib\protocol\protocol.js:404:37)
    at tryCatch (C:\Program Files (x86)\Appium\resources\app\node_modules\appium\node_modules\babel-runtime\regenerator\runtime.js:67:40)
    at GeneratorFunctionPrototype.invoke [as _invoke] (C:\Program Files (x86)\Appium\resources\app\node_modules\appium\node_modules\babel-runtime\regenerator\runtime.js:315:22)
    at GeneratorFunctionPrototype.prototype.(anonymous function) [as next] (C:\Program Files (x86)\Appium\resources\app\node_modules\appium\node_modules\babel-runtime\regenerator\runtime.js:100:21)
    at GeneratorFunctionPrototype.invoke (C:\Program Files (x86)\Appium\resources\app\node_modules\appium\node_modules\babel-runtime\regenerator\runtime.js:136:37)
    at <anonymous>
	at sun.reflect.NativeConstructorAccessorImpl.newInstance0(Native Method) ~[?:1.8.0_121]
	at sun.reflect.NativeConstructorAccessorImpl.newInstance(NativeConstructorAccessorImpl.java:62) ~[?:1.8.0_121]
	at sun.reflect.DelegatingConstructorAccessorImpl.newInstance(DelegatingConstructorAccessorImpl.java:45) ~[?:1.8.0_121]
	at java.lang.reflect.Constructor.newInstance(Constructor.java:423) ~[?:1.8.0_121]
	at org.openqa.selenium.remote.W3CHandshakeResponse.lambda$new$0(W3CHandshakeResponse.java:57) ~[selenium-server-standalone-3.14.0.jar:9.4.8.v20180619]
	at org.openqa.selenium.remote.W3CHandshakeResponse.lambda$getResponseFunction$2(W3CHandshakeResponse.java:104) ~[selenium-server-standalone-3.14.0.jar:9.4.8.v20180619]
	at org.openqa.selenium.remote.ProtocolHandshake.lambda$createSession$0(ProtocolHandshake.java:122) ~[selenium-server-standalone-3.14.0.jar:9.4.8.v20180619]
	at java.util.stream.ReferencePipeline$3$1.accept(ReferencePipeline.java:193) ~[?:1.8.0_121]
	at java.util.Spliterators$ArraySpliterator.tryAdvance(Spliterators.java:958) ~[?:1.8.0_121]
	at java.util.stream.ReferencePipeline.forEachWithCancel(ReferencePipeline.java:126) ~[?:1.8.0_121]
	at java.util.stream.AbstractPipeline.copyIntoWithCancel(AbstractPipeline.java:498) ~[?:1.8.0_121]
	at java.util.stream.AbstractPipeline.copyInto(AbstractPipeline.java:485) ~[?:1.8.0_121]
	at java.util.stream.AbstractPipeline.wrapAndCopyInto(AbstractPipeline.java:471) ~[?:1.8.0_121]
	at java.util.stream.FindOps$FindOp.evaluateSequential(FindOps.java:152) ~[?:1.8.0_121]
	at java.util.stream.AbstractPipeline.evaluate(AbstractPipeline.java:234) ~[?:1.8.0_121]
	at java.util.stream.ReferencePipeline.findFirst(ReferencePipeline.java:464) ~[?:1.8.0_121]
	at org.openqa.selenium.remote.ProtocolHandshake.createSession(ProtocolHandshake.java:125) ~[selenium-server-standalone-3.14.0.jar:9.4.8.v20180619]
	at sun.reflect.NativeMethodAccessorImpl.invoke0(Native Method) ~[?:1.8.0_121]
	at sun.reflect.NativeMethodAccessorImpl.invoke(NativeMethodAccessorImpl.java:62) ~[?:1.8.0_121]
	at sun.reflect.DelegatingMethodAccessorImpl.invoke(DelegatingMethodAccessorImpl.java:43) ~[?:1.8.0_121]
	at java.lang.reflect.Method.invoke(Method.java:498) ~[?:1.8.0_121]
	at io.appium.java_client.remote.AppiumCommandExecutor$1.createSession(AppiumCommandExecutor.java:185) ~[java-client-6.1.0.jar:?]
	at io.appium.java_client.remote.AppiumCommandExecutor.createSession(AppiumCommandExecutor.java:209) ~[java-client-6.1.0.jar:?]
	at io.appium.java_client.remote.AppiumCommandExecutor.execute(AppiumCommandExecutor.java:231) ~[java-client-6.1.0.jar:?]
	at org.openqa.selenium.remote.RemoteWebDriver.execute(RemoteWebDriver.java:548) ~[selenium-server-standalone-3.14.0.jar:9.4.8.v20180619]
	at io.appium.java_client.DefaultGenericMobileDriver.execute(DefaultGenericMobileDriver.java:42) ~[java-client-6.1.0.jar:?]
	at io.appium.java_client.AppiumDriver.execute(AppiumDriver.java:1) ~[java-client-6.1.0.jar:?]
	at io.appium.java_client.android.AndroidDriver.execute(AndroidDriver.java:1) ~[java-client-6.1.0.jar:?]
	at org.openqa.selenium.remote.RemoteWebDriver.startSession(RemoteWebDriver.java:212) ~[selenium-server-standalone-3.14.0.jar:9.4.8.v20180619]
	at org.openqa.selenium.remote.RemoteWebDriver.<init>(RemoteWebDriver.java:130) ~[selenium-server-standalone-3.14.0.jar:9.4.8.v20180619]
	at io.appium.java_client.DefaultGenericMobileDriver.<init>(DefaultGenericMobileDriver.java:38) ~[java-client-6.1.0.jar:?]
	at io.appium.java_client.AppiumDriver.<init>(AppiumDriver.java:84) ~[java-client-6.1.0.jar:?]
	at io.appium.java_client.AppiumDriver.<init>(AppiumDriver.java:94) ~[java-client-6.1.0.jar:?]
	at io.appium.java_client.android.AndroidDriver.<init>(AndroidDriver.java:93) ~[java-client-6.1.0.jar:?]
	at com.testing.appkw.AppDriver.<init>(AppDriver.java:33) ~[bin/:?]
	... 8 more
20:33:05  [INFO ] : 启动待测App成功
20:33:05  [ERROR] : java.lang.NullPointerException
java.lang.NullPointerException: null
	at com.testing.appkw.DataDrivenOfApp.explicityWait(DataDrivenOfApp.java:315) [bin/:?]
	at com.testing.appkw.DataDrivenOfApp.click(DataDrivenOfApp.java:158) [bin/:?]
	at sun.reflect.NativeMethodAccessorImpl.invoke0(Native Method) ~[?:1.8.0_121]
	at sun.reflect.NativeMethodAccessorImpl.invoke(NativeMethodAccessorImpl.java:62) ~[?:1.8.0_121]
	at sun.reflect.DelegatingMethodAccessorImpl.invoke(DelegatingMethodAccessorImpl.java:43) ~[?:1.8.0_121]
	at java.lang.reflect.Method.invoke(Method.java:498) ~[?:1.8.0_121]
	at com.testing.integration.IntegrationDataDriven.invokeAppKey(IntegrationDataDriven.java:259) [bin/:?]
	at com.testing.integration.IntegrationDataDriven.GetCase(IntegrationDataDriven.java:118) [bin/:?]
	at com.testing.integration.IntegrationDataDriven.main(IntegrationDataDriven.java:66) [bin/:?]
20:33:05  [ERROR] : java.lang.NullPointerException
java.lang.NullPointerException: null
	at com.testing.appkw.DataDrivenOfApp.click(DataDrivenOfApp.java:162) [bin/:?]
	at sun.reflect.NativeMethodAccessorImpl.invoke0(Native Method) ~[?:1.8.0_121]
	at sun.reflect.NativeMethodAccessorImpl.invoke(NativeMethodAccessorImpl.java:62) ~[?:1.8.0_121]
	at sun.reflect.DelegatingMethodAccessorImpl.invoke(DelegatingMethodAccessorImpl.java:43) ~[?:1.8.0_121]
	at java.lang.reflect.Method.invoke(Method.java:498) ~[?:1.8.0_121]
	at com.testing.integration.IntegrationDataDriven.invokeAppKey(IntegrationDataDriven.java:259) [bin/:?]
	at com.testing.integration.IntegrationDataDriven.GetCase(IntegrationDataDriven.java:118) [bin/:?]
	at com.testing.integration.IntegrationDataDriven.main(IntegrationDataDriven.java:66) [bin/:?]
20:33:05  [ERROR] : java.lang.NullPointerException
java.lang.NullPointerException: null
	at com.testing.appkw.DataDrivenOfApp.explicityWait(DataDrivenOfApp.java:315) [bin/:?]
	at com.testing.appkw.DataDrivenOfApp.input(DataDrivenOfApp.java:145) [bin/:?]
	at sun.reflect.NativeMethodAccessorImpl.invoke0(Native Method) ~[?:1.8.0_121]
	at sun.reflect.NativeMethodAccessorImpl.invoke(NativeMethodAccessorImpl.java:62) ~[?:1.8.0_121]
	at sun.reflect.DelegatingMethodAccessorImpl.invoke(DelegatingMethodAccessorImpl.java:43) ~[?:1.8.0_121]
	at java.lang.reflect.Method.invoke(Method.java:498) ~[?:1.8.0_121]
	at com.testing.integration.IntegrationDataDriven.invokeAppKey(IntegrationDataDriven.java:266) [bin/:?]
	at com.testing.integration.IntegrationDataDriven.GetCase(IntegrationDataDriven.java:118) [bin/:?]
	at com.testing.integration.IntegrationDataDriven.main(IntegrationDataDriven.java:66) [bin/:?]
20:33:05  [ERROR] : 输入零食失败
20:33:05  [ERROR] : java.lang.NullPointerException
java.lang.NullPointerException: null
	at com.testing.appkw.DataDrivenOfApp.input(DataDrivenOfApp.java:151) [bin/:?]
	at sun.reflect.NativeMethodAccessorImpl.invoke0(Native Method) ~[?:1.8.0_121]
	at sun.reflect.NativeMethodAccessorImpl.invoke(NativeMethodAccessorImpl.java:62) ~[?:1.8.0_121]
	at sun.reflect.DelegatingMethodAccessorImpl.invoke(DelegatingMethodAccessorImpl.java:43) ~[?:1.8.0_121]
	at java.lang.reflect.Method.invoke(Method.java:498) ~[?:1.8.0_121]
	at com.testing.integration.IntegrationDataDriven.invokeAppKey(IntegrationDataDriven.java:266) [bin/:?]
	at com.testing.integration.IntegrationDataDriven.GetCase(IntegrationDataDriven.java:118) [bin/:?]
	at com.testing.integration.IntegrationDataDriven.main(IntegrationDataDriven.java:66) [bin/:?]
20:33:05  [ERROR] : java.lang.NullPointerException
java.lang.NullPointerException: null
	at com.testing.appkw.DataDrivenOfApp.explicityWait(DataDrivenOfApp.java:315) [bin/:?]
	at com.testing.appkw.DataDrivenOfApp.click(DataDrivenOfApp.java:158) [bin/:?]
	at sun.reflect.NativeMethodAccessorImpl.invoke0(Native Method) ~[?:1.8.0_121]
	at sun.reflect.NativeMethodAccessorImpl.invoke(NativeMethodAccessorImpl.java:62) ~[?:1.8.0_121]
	at sun.reflect.DelegatingMethodAccessorImpl.invoke(DelegatingMethodAccessorImpl.java:43) ~[?:1.8.0_121]
	at java.lang.reflect.Method.invoke(Method.java:498) ~[?:1.8.0_121]
	at com.testing.integration.IntegrationDataDriven.invokeAppKey(IntegrationDataDriven.java:259) [bin/:?]
	at com.testing.integration.IntegrationDataDriven.GetCase(IntegrationDataDriven.java:118) [bin/:?]
	at com.testing.integration.IntegrationDataDriven.main(IntegrationDataDriven.java:66) [bin/:?]
20:33:05  [ERROR] : java.lang.NullPointerException
java.lang.NullPointerException: null
	at com.testing.appkw.DataDrivenOfApp.click(DataDrivenOfApp.java:162) [bin/:?]
	at sun.reflect.NativeMethodAccessorImpl.invoke0(Native Method) ~[?:1.8.0_121]
	at sun.reflect.NativeMethodAccessorImpl.invoke(NativeMethodAccessorImpl.java:62) ~[?:1.8.0_121]
	at sun.reflect.DelegatingMethodAccessorImpl.invoke(DelegatingMethodAccessorImpl.java:43) ~[?:1.8.0_121]
	at java.lang.reflect.Method.invoke(Method.java:498) ~[?:1.8.0_121]
	at com.testing.integration.IntegrationDataDriven.invokeAppKey(IntegrationDataDriven.java:259) [bin/:?]
	at com.testing.integration.IntegrationDataDriven.GetCase(IntegrationDataDriven.java:118) [bin/:?]
	at com.testing.integration.IntegrationDataDriven.main(IntegrationDataDriven.java:66) [bin/:?]
20:33:05  [ERROR] : 关闭app失败
20:33:05  [ERROR] : java.lang.NullPointerException
java.lang.NullPointerException: null
	at com.testing.appkw.DataDrivenOfApp.quitApp(DataDrivenOfApp.java:213) [bin/:?]
	at sun.reflect.NativeMethodAccessorImpl.invoke0(Native Method) ~[?:1.8.0_121]
	at sun.reflect.NativeMethodAccessorImpl.invoke(NativeMethodAccessorImpl.java:62) ~[?:1.8.0_121]
	at sun.reflect.DelegatingMethodAccessorImpl.invoke(DelegatingMethodAccessorImpl.java:43) ~[?:1.8.0_121]
	at java.lang.reflect.Method.invoke(Method.java:498) ~[?:1.8.0_121]
	at com.testing.integration.IntegrationDataDriven.invokeAppKey(IntegrationDataDriven.java:252) [bin/:?]
	at com.testing.integration.IntegrationDataDriven.GetCase(IntegrationDataDriven.java:118) [bin/:?]
	at com.testing.integration.IntegrationDataDriven.main(IntegrationDataDriven.java:66) [bin/:?]
